b_hu/app/build/intermediates/manifest_merge_blame_file/release/manifest-merger-blame-release-report.txt
1<?xml version="1.0" encoding="utf-8"?>
2<manifest xmlns:android="http://schemas.android.com/apk/res/android"
3    package="com.example.b_hu"
4    android:versionCode="1"
5    android:versionName="1.0" >
6
7    <uses-sdk
8        android:minSdkVersion="21"
8-->src\main\AndroidManifest.xml
9        android:targetSdkVersion="29" />
9-->src\main\AndroidManifest.xml
10
11    <uses-permission android:name="android.permission.INTERNET" />
11-->src\main\AndroidManifest.xml:5:5-67
11-->src\main\AndroidManifest.xml:5:22-64
12
13    <application
13-->src\main\AndroidManifest.xml:7:5-36:19
14        android:allowBackup="true"
14-->src\main\AndroidManifest.xml:8:9-35
15        android:appComponentFactory="androidx.core.app.CoreComponentFactory"
15-->[androidx.core:core:1.0.1] AndroidManifest.xml:22:18-86
16        android:icon="@drawable/square_b"
16-->src\main\AndroidManifest.xml:9:9-42
17        android:label="@string/app_name"
17-->src\main\AndroidManifest.xml:10:9-41
18        android:roundIcon="@mipmap/ic_launcher_round"
18-->src\main\AndroidManifest.xml:11:9-54
19        android:supportsRtl="true"
19-->src\main\AndroidManifest.xml:12:9-35
20        android:theme="@style/AppTheme"
20-->src\main\AndroidManifest.xml:13:9-40
21        android:usesCleartextTraffic="true" >
21-->src\main\AndroidManifest.xml:14:9-44
22        <activity android:name="com.example.b_hu.add_comment" />
22-->src\main\AndroidManifest.xml:15:9-58
22-->src\main\AndroidManifest.xml:15:19-46
23        <activity android:name="com.example.b_hu.add_solution" />
23-->src\main\AndroidManifest.xml:16:9-50
23-->src\main\AndroidManifest.xml:16:19-47
24        <activity android:name="com.example.b_hu.add_quiz" />
24-->src\main\AndroidManifest.xml:17:9-46
24-->src\main\AndroidManifest.xml:17:19-43
25        <activity android:name="com.example.b_hu.comment" />
25-->src\main\AndroidManifest.xml:18:9-45
25-->src\main\AndroidManifest.xml:18:19-42
26        <activity android:name="com.example.b_hu.issue" />
26-->src\main\AndroidManifest.xml:19:9-43
26-->src\main\AndroidManifest.xml:19:19-40
27        <activity android:name="com.example.b_hu.account_register" />
27-->src\main\AndroidManifest.xml:20:9-54
27-->src\main\AndroidManifest.xml:20:19-51
28        <activity android:name="com.example.b_hu.account_logout" />
28-->src\main\AndroidManifest.xml:21:9-52
28-->src\main\AndroidManifest.xml:21:19-49
29        <activity android:name="com.example.b_hu.account_login" />
29-->src\main\AndroidManifest.xml:22:9-51
29-->src\main\AndroidManifest.xml:22:19-48
30        <activity android:name="com.example.b_hu.b_live" />
30-->src\main\AndroidManifest.xml:23:9-44
30-->src\main\AndroidManifest.xml:23:19-41
31        <activity android:name="com.example.b_hu.bookrack_page" />
31-->src\main\AndroidManifest.xml:24:9-51
31-->src\main\AndroidManifest.xml:24:19-48
32        <activity android:name="com.example.b_hu.search_page" />
32-->src\main\AndroidManifest.xml:25:9-49
32-->src\main\AndroidManifest.xml:25:19-46
33        <activity android:name="com.example.b_hu.home_page" />
33-->src\main\AndroidManifest.xml:26:9-47
33-->src\main\AndroidManifest.xml:26:19-44
34        <activity
34-->src\main\AndroidManifest.xml:27:9-35:20
35            android:name="com.example.b_hu.MainActivity"
35-->src\main\AndroidManifest.xml:28:13-41
36            android:launchMode="singleTask" >
36-->src\main\AndroidManifest.xml:29:13-44
37            <intent-filter>
37-->src\main\AndroidManifest.xml:30:13-34:29
38                <action android:name="android.intent.action.MAIN" />
38-->src\main\AndroidManifest.xml:31:17-69
38-->src\main\AndroidManifest.xml:31:25-66
39
40                <category android:name="android.intent.category.LAUNCHER" />
40-->src\main\AndroidManifest.xml:33:17-77
40-->src\main\AndroidManifest.xml:33:27-74
41            </intent-filter>
42        </activity>
43    </application>
44
45</manifest>